{"contracts/SafeMath.sol":{"l":{"6":0,"7":0,"10":0,"11":0,"13":0,"17":0,"18":0,"20":0,"24":0,"25":0,"27":0,"31":0,"32":0,"34":0,"38":0,"39":0},"path":"/Users/jinholee/Work/TruffleStart/contracts/SafeMath.sol","s":{"1":0,"2":0,"3":0,"4":0,"5":0,"6":0,"7":0,"8":0,"9":0,"10":0,"11":0,"12":0,"13":0,"14":0,"15":0,"16":0},"b":{"1":[0,0],"2":[0,0],"3":[0,0],"4":[0,0],"5":[0,0],"6":[0,0]},"f":{"1":0,"2":0,"3":0,"4":0,"5":0},"fnMap":{"1":{"name":"mul","line":5,"loc":{"start":{"line":5,"column":2},"end":{"line":5,"column":68}}},"2":{"name":"div","line":16,"loc":{"start":{"line":16,"column":2},"end":{"line":16,"column":68}}},"3":{"name":"sub","line":23,"loc":{"start":{"line":23,"column":2},"end":{"line":23,"column":68}}},"4":{"name":"add","line":30,"loc":{"start":{"line":30,"column":2},"end":{"line":30,"column":68}}},"5":{"name":"mod","line":37,"loc":{"start":{"line":37,"column":2},"end":{"line":37,"column":68}}}},"statementMap":{"1":{"start":{"line":6,"column":4},"end":{"line":6,"column":126}},"2":{"start":{"line":7,"column":6},"end":{"line":7,"column":14}},"3":{"start":{"line":10,"column":4},"end":{"line":10,"column":20}},"4":{"start":{"line":11,"column":4},"end":{"line":11,"column":22}},"5":{"start":{"line":13,"column":4},"end":{"line":13,"column":12}},"6":{"start":{"line":17,"column":4},"end":{"line":17,"column":17}},"7":{"start":{"line":18,"column":4},"end":{"line":18,"column":20}},"8":{"start":{"line":20,"column":4},"end":{"line":20,"column":12}},"9":{"start":{"line":24,"column":4},"end":{"line":24,"column":18}},"10":{"start":{"line":25,"column":4},"end":{"line":25,"column":20}},"11":{"start":{"line":27,"column":4},"end":{"line":27,"column":12}},"12":{"start":{"line":31,"column":4},"end":{"line":31,"column":20}},"13":{"start":{"line":32,"column":4},"end":{"line":32,"column":18}},"14":{"start":{"line":34,"column":4},"end":{"line":34,"column":12}},"15":{"start":{"line":38,"column":4},"end":{"line":38,"column":18}},"16":{"start":{"line":39,"column":4},"end":{"line":39,"column":16}}},"branchMap":{"1":{"line":6,"type":"if","locations":[{"start":{"line":6,"column":4},"end":{"line":6,"column":4}},{"start":{"line":6,"column":4},"end":{"line":6,"column":4}}]},"2":{"line":11,"type":"if","locations":[{"start":{"line":11,"column":4},"end":{"line":11,"column":4}},{"start":{"line":11,"column":4},"end":{"line":11,"column":4}}]},"3":{"line":17,"type":"if","locations":[{"start":{"line":17,"column":4},"end":{"line":17,"column":4}},{"start":{"line":17,"column":4},"end":{"line":17,"column":4}}]},"4":{"line":24,"type":"if","locations":[{"start":{"line":24,"column":4},"end":{"line":24,"column":4}},{"start":{"line":24,"column":4},"end":{"line":24,"column":4}}]},"5":{"line":32,"type":"if","locations":[{"start":{"line":32,"column":4},"end":{"line":32,"column":4}},{"start":{"line":32,"column":4},"end":{"line":32,"column":4}}]},"6":{"line":38,"type":"if","locations":[{"start":{"line":38,"column":4},"end":{"line":38,"column":4}},{"start":{"line":38,"column":4},"end":{"line":38,"column":4}}]}}},"contracts/Token.sol":{"l":{"6":0,"7":0,"10":0,"11":0,"13":0,"17":0,"18":0,"20":0,"24":8,"25":8,"27":8,"31":8,"32":8,"34":8,"38":0,"39":0,"45":11,"49":0,"50":0,"54":0,"55":0,"72":11,"73":11,"82":11,"83":11,"87":0,"88":0,"90":0,"95":8,"99":7,"100":6,"105":4,"106":3,"108":2,"109":2,"114":0,"118":0,"119":0,"120":0,"121":0,"122":0,"126":0,"130":0,"134":8,"135":8,"137":8,"141":7,"142":7,"146":3},"path":"/Users/jinholee/Work/TruffleStart/contracts/Token.sol","s":{"1":0,"2":0,"3":0,"4":0,"5":0,"6":0,"7":0,"8":0,"9":8,"10":8,"11":8,"12":8,"13":8,"14":8,"15":0,"16":0,"17":11,"18":0,"19":0,"20":0,"21":11,"22":11,"23":11,"24":0,"25":0,"26":0,"27":8,"28":7,"29":6,"30":4,"31":3,"32":2,"33":2,"34":0,"35":0,"36":0,"37":0,"38":0,"39":0,"40":0,"41":0,"42":8,"43":8,"44":8,"45":7,"46":7,"47":3},"b":{"1":[0,0],"2":[0,0],"3":[0,0],"4":[8,0],"5":[8,0],"6":[0,0],"7":[0,0],"8":[0,0],"9":[11,0],"10":[6,1],"11":[3,1],"12":[2,1]},"f":{"1":0,"2":0,"3":8,"4":8,"5":0,"6":11,"7":0,"8":0,"9":11,"10":11,"11":0,"12":8,"13":7,"14":4,"15":0,"16":0,"17":0,"18":0,"19":8,"20":7,"21":3},"fnMap":{"1":{"name":"mul","line":5,"loc":{"start":{"line":5,"column":2},"end":{"line":5,"column":68}}},"2":{"name":"div","line":16,"loc":{"start":{"line":16,"column":2},"end":{"line":16,"column":68}}},"3":{"name":"sub","line":23,"loc":{"start":{"line":23,"column":2},"end":{"line":23,"column":68}}},"4":{"name":"add","line":30,"loc":{"start":{"line":30,"column":2},"end":{"line":30,"column":68}}},"5":{"name":"mod","line":37,"loc":{"start":{"line":37,"column":2},"end":{"line":37,"column":68}}},"6":{"name":null,"line":44,"loc":{"start":{"line":44,"column":4},"end":{"line":44,"column":21}}},"7":{"name":"onlyAdmin","line":48,"loc":{"start":{"line":48,"column":4},"end":{"line":48,"column":20}}},"8":{"name":"transferRoles","line":53,"loc":{"start":{"line":53,"column":4},"end":{"line":53,"column":65}}},"9":{"name":"notLocked","line":71,"loc":{"start":{"line":71,"column":4},"end":{"line":71,"column":35}}},"10":{"name":null,"line":81,"loc":{"start":{"line":81,"column":4},"end":{"line":81,"column":22}}},"11":{"name":null,"line":86,"loc":{"start":{"line":86,"column":4},"end":{"line":86,"column":28}}},"12":{"name":"balanceOf","line":94,"loc":{"start":{"line":94,"column":4},"end":{"line":94,"column":74}}},"13":{"name":"transfer","line":98,"loc":{"start":{"line":98,"column":4},"end":{"line":98,"column":100}}},"14":{"name":"transferFrom","line":104,"loc":{"start":{"line":104,"column":4},"end":{"line":104,"column":114}}},"15":{"name":"mint","line":113,"loc":{"start":{"line":113,"column":4},"end":{"line":113,"column":76}}},"16":{"name":"_mint","line":117,"loc":{"start":{"line":117,"column":4},"end":{"line":117,"column":71}}},"17":{"name":"lock","line":125,"loc":{"start":{"line":125,"column":4},"end":{"line":125,"column":64}}},"18":{"name":"unlock","line":129,"loc":{"start":{"line":129,"column":4},"end":{"line":129,"column":66}}},"19":{"name":"_transfer","line":133,"loc":{"start":{"line":133,"column":4},"end":{"line":133,"column":87}}},"20":{"name":"approve","line":140,"loc":{"start":{"line":140,"column":4},"end":{"line":140,"column":83}}},"21":{"name":"allowance","line":145,"loc":{"start":{"line":145,"column":4},"end":{"line":145,"column":93}}}},"statementMap":{"1":{"start":{"line":6,"column":4},"end":{"line":6,"column":126}},"2":{"start":{"line":7,"column":6},"end":{"line":7,"column":14}},"3":{"start":{"line":10,"column":4},"end":{"line":10,"column":20}},"4":{"start":{"line":11,"column":4},"end":{"line":11,"column":22}},"5":{"start":{"line":13,"column":4},"end":{"line":13,"column":12}},"6":{"start":{"line":17,"column":4},"end":{"line":17,"column":17}},"7":{"start":{"line":18,"column":4},"end":{"line":18,"column":20}},"8":{"start":{"line":20,"column":4},"end":{"line":20,"column":12}},"9":{"start":{"line":24,"column":4},"end":{"line":24,"column":18}},"10":{"start":{"line":25,"column":4},"end":{"line":25,"column":20}},"11":{"start":{"line":27,"column":4},"end":{"line":27,"column":12}},"12":{"start":{"line":31,"column":4},"end":{"line":31,"column":20}},"13":{"start":{"line":32,"column":4},"end":{"line":32,"column":18}},"14":{"start":{"line":34,"column":4},"end":{"line":34,"column":12}},"15":{"start":{"line":38,"column":4},"end":{"line":38,"column":18}},"16":{"start":{"line":39,"column":4},"end":{"line":39,"column":16}},"17":{"start":{"line":45,"column":8},"end":{"line":45,"column":25}},"18":{"start":{"line":49,"column":8},"end":{"line":49,"column":35}},"19":{"start":{"line":54,"column":8},"end":{"line":54,"column":39}},"20":{"start":{"line":55,"column":8},"end":{"line":55,"column":24}},"21":{"start":{"line":72,"column":8},"end":{"line":72,"column":37}},"22":{"start":{"line":82,"column":8},"end":{"line":82,"column":42}},"23":{"start":{"line":83,"column":8},"end":{"line":83,"column":60}},"24":{"start":{"line":87,"column":8},"end":{"line":87,"column":31}},"25":{"start":{"line":88,"column":8},"end":{"line":88,"column":38}},"26":{"start":{"line":90,"column":8},"end":{"line":90,"column":37}},"27":{"start":{"line":95,"column":8},"end":{"line":95,"column":32}},"28":{"start":{"line":99,"column":8},"end":{"line":99,"column":48}},"29":{"start":{"line":100,"column":8},"end":{"line":100,"column":49}},"30":{"start":{"line":105,"column":8},"end":{"line":105,"column":52}},"31":{"start":{"line":106,"column":8},"end":{"line":106,"column":43}},"32":{"start":{"line":108,"column":8},"end":{"line":108,"column":69}},"33":{"start":{"line":109,"column":8},"end":{"line":109,"column":44}},"34":{"start":{"line":114,"column":8},"end":{"line":114,"column":33}},"35":{"start":{"line":118,"column":8},"end":{"line":118,"column":44}},"36":{"start":{"line":119,"column":7},"end":{"line":119,"column":49}},"37":{"start":{"line":120,"column":7},"end":{"line":120,"column":29}},"38":{"start":{"line":121,"column":7},"end":{"line":121,"column":45}},"39":{"start":{"line":122,"column":7},"end":{"line":122,"column":18}},"40":{"start":{"line":126,"column":8},"end":{"line":126,"column":29}},"41":{"start":{"line":130,"column":8},"end":{"line":130,"column":30}},"42":{"start":{"line":134,"column":8},"end":{"line":134,"column":54}},"43":{"start":{"line":135,"column":8},"end":{"line":135,"column":50}},"44":{"start":{"line":137,"column":8},"end":{"line":137,"column":42}},"45":{"start":{"line":141,"column":8},"end":{"line":141,"column":44}},"46":{"start":{"line":142,"column":8},"end":{"line":142,"column":19}},"47":{"start":{"line":146,"column":8},"end":{"line":146,"column":39}}},"branchMap":{"1":{"line":6,"type":"if","locations":[{"start":{"line":6,"column":4},"end":{"line":6,"column":4}},{"start":{"line":6,"column":4},"end":{"line":6,"column":4}}]},"2":{"line":11,"type":"if","locations":[{"start":{"line":11,"column":4},"end":{"line":11,"column":4}},{"start":{"line":11,"column":4},"end":{"line":11,"column":4}}]},"3":{"line":17,"type":"if","locations":[{"start":{"line":17,"column":4},"end":{"line":17,"column":4}},{"start":{"line":17,"column":4},"end":{"line":17,"column":4}}]},"4":{"line":24,"type":"if","locations":[{"start":{"line":24,"column":4},"end":{"line":24,"column":4}},{"start":{"line":24,"column":4},"end":{"line":24,"column":4}}]},"5":{"line":32,"type":"if","locations":[{"start":{"line":32,"column":4},"end":{"line":32,"column":4}},{"start":{"line":32,"column":4},"end":{"line":32,"column":4}}]},"6":{"line":38,"type":"if","locations":[{"start":{"line":38,"column":4},"end":{"line":38,"column":4}},{"start":{"line":38,"column":4},"end":{"line":38,"column":4}}]},"7":{"line":49,"type":"if","locations":[{"start":{"line":49,"column":8},"end":{"line":49,"column":8}},{"start":{"line":49,"column":8},"end":{"line":49,"column":8}}]},"8":{"line":54,"type":"if","locations":[{"start":{"line":54,"column":8},"end":{"line":54,"column":8}},{"start":{"line":54,"column":8},"end":{"line":54,"column":8}}]},"9":{"line":72,"type":"if","locations":[{"start":{"line":72,"column":8},"end":{"line":72,"column":8}},{"start":{"line":72,"column":8},"end":{"line":72,"column":8}}]},"10":{"line":99,"type":"if","locations":[{"start":{"line":99,"column":8},"end":{"line":99,"column":8}},{"start":{"line":99,"column":8},"end":{"line":99,"column":8}}]},"11":{"line":105,"type":"if","locations":[{"start":{"line":105,"column":8},"end":{"line":105,"column":8}},{"start":{"line":105,"column":8},"end":{"line":105,"column":8}}]},"12":{"line":106,"type":"if","locations":[{"start":{"line":106,"column":8},"end":{"line":106,"column":8}},{"start":{"line":106,"column":8},"end":{"line":106,"column":8}}]}}}}